[2026-01-09T12:01:15.785Z] DEBUG_ERROR: Failed to add account. UserId: cmk6slvot0002x4wv2qytqzww, Data: {"name":"BCA","type":"BANK","balance":10000000}, Error: Cannot read properties of undefined (reading 'create')
Stack: TypeError: Cannot read properties of undefined (reading 'create')
    at addAccount (/Users/macbookair/MyDuitGua/.next/dev/server/chunks/ssr/[root-of-the-server]__fe976059._.js:407:167)
    at async executeActionAndPrepareForRender (/Users/macbookair/MyDuitGua/node_modules/next/dist/compiled/next-server/app-page-turbo.runtime.dev.js:36:3803)
    at async /Users/macbookair/MyDuitGua/node_modules/next/dist/compiled/next-server/app-page-turbo.runtime.dev.js:36:1109
    at async handleAction (/Users/macbookair/MyDuitGua/node_modules/next/dist/compiled/next-server/app-page-turbo.runtime.dev.js:34:23598)
    at async renderToHTMLOrFlightImpl (/Users/macbookair/MyDuitGua/node_modules/next/dist/compiled/next-server/app-page-turbo.runtime.dev.js:41:42106)
    at async doRender (/Users/macbookair/MyDuitGua/.next/dev/server/chunks/ssr/node_modules_next_dist_0b34dfa1._.js:3450:28)
    at async AppPageRouteModule.handleResponse (/Users/macbookair/MyDuitGua/node_modules/next/dist/compiled/next-server/app-page-turbo.runtime.dev.js:43:64241)
    at async handleResponse (/Users/macbookair/MyDuitGua/.next/dev/server/chunks/ssr/node_modules_next_dist_0b34dfa1._.js:3656:32)
    at async Module.handler (/Users/macbookair/MyDuitGua/.next/dev/server/chunks/ssr/node_modules_next_dist_0b34dfa1._.js:4027:20)
    at async DevServer.renderToResponseWithComponentsImpl (/Users/macbookair/MyDuitGua/node_modules/next/dist/server/base-server.js:1422:9)
    at async DevServer.renderPageComponent (/Users/macbookair/MyDuitGua/node_modules/next/dist/server/base-server.js:1474:24)
    at async DevServer.renderToResponseImpl (/Users/macbookair/MyDuitGua/node_modules/next/dist/server/base-server.js:1524:32)
    at async DevServer.pipeImpl (/Users/macbookair/MyDuitGua/node_modules/next/dist/server/base-server.js:1018:25)
    at async NextNodeServer.handleCatchallRenderRequest (/Users/macbookair/MyDuitGua/node_modules/next/dist/server/next-server.js:395:17)
    at async DevServer.handleRequestImpl (/Users/macbookair/MyDuitGua/node_modules/next/dist/server/base-server.js:909:17)
    at async /Users/macbookair/MyDuitGua/node_modules/next/dist/server/dev/next-dev-server.js:387:20
    at async Span.traceAsyncFn (/Users/macbookair/MyDuitGua/node_modules/next/dist/trace/trace.js:157:20)
    at async DevServer.handleRequest (/Users/macbookair/MyDuitGua/node_modules/next/dist/server/dev/next-dev-server.js:383:24)
    at async invokeRender (/Users/macbookair/MyDuitGua/node_modules/next/dist/server/lib/router-server.js:248:21)
    at async handleRequest (/Users/macbookair/MyDuitGua/node_modules/next/dist/server/lib/router-server.js:447:24)
    at async requestHandlerImpl (/Users/macbookair/MyDuitGua/node_modules/next/dist/server/lib/router-server.js:496:13)
    at async Server.requestListener (/Users/macbookair/MyDuitGua/node_modules/next/dist/server/lib/start-server.js:226:13)

